[13:47:14.995] [INFO] Storybook Upgrade - v9.0.12
[13:47:15.054] [INFO] detect-projects-spinner-start: Detecting projects...
[13:47:15.055] [DEBUG] Finding Storybook projects...
[13:47:15.423] [DEBUG] Found 1 Storybook projects
[13:47:15.425] [INFO] detect-projects-spinner: Detecting projects: 1 projects
[13:47:15.426] [DEBUG] Getting Storybook data...
[13:47:15.426] [DEBUG] Getting Storybook info...
[13:47:15.427] [DEBUG] Loading main config...
[13:47:15.502] [DEBUG] Getting stories paths...
[13:47:15.519] [DEBUG] Getting package manager...
[13:47:15.847] [DEBUG] Getting Storybook version...
[13:47:15.848] [DEBUG] C:/Users/laure/OneDrive/Documents/GitHub/Accessible_Components/.storybook - Validating before version... 8.6.11
[13:47:15.848] [DEBUG] C:/Users/laure/OneDrive/Documents/GitHub/Accessible_Components/.storybook - Validating upgrade compatibility...
[13:47:15.848] [DEBUG] C:/Users/laure/OneDrive/Documents/GitHub/Accessible_Components/.storybook - Fetching NPM version information...
[13:47:15.848] [DEBUG] Getting CLI versions from NPM for storybook...
[13:47:15.855] [DEBUG] Getting CLI versions from NPM for storybook@next...
[13:47:17.270] [DEBUG] C:/Users/laure/OneDrive/Documents/GitHub/Accessible_Components/.storybook - Evaluating blockers...
[13:47:17.272] [DEBUG] Getting installed version for @storybook/experimental-addon-test...
[13:47:18.282] [INFO] detect-projects-spinner-stop: 1 project detected
[13:47:18.283] [DEBUG] Found 1 valid projects and 0 error projects
[13:47:18.283] [INFO] Upgrading from 8.6.11 to 9.0.12
[13:47:18.321] [INFO] upgrade-dependencies-task-start: Fetching versions to update package.json files..
[13:47:18.321] [DEBUG] Updating dependencies in C:/Users/laure/OneDrive/Documents/GitHub/Accessible_Components/.storybook...
[13:47:18.358] [INFO] upgrade-dependencies-task: \package.json
[13:47:18.359] [DEBUG] Getting CLI versions from NPM for @storybook/addon-webpack5-compiler-swc...
[13:47:20.486] [DEBUG] {
  "upgradedDependencies": []
}
[13:47:20.486] [DEBUG] {
  "upgradedDevDependencies": [
    "@storybook/addon-a11y@^9.0.12",
    "@storybook/addon-docs@^9.0.12",
    "@storybook/addon-links@^9.0.12",
    "@storybook/addon-onboarding@^9.0.12",
    "@storybook/react@^9.0.12",
    "@storybook/react-webpack5@^9.0.12",
    "storybook@^9.0.12",
    "@storybook/addon-webpack5-compiler-swc@^3.0.0"
  ]
}
[13:47:20.486] [DEBUG] {
  "upgradedPeerDependencies": []
}
[13:47:20.937] [DEBUG] Getting CLI versions from NPM for @storybook/addon-a11y...
[13:47:22.201] [DEBUG] Getting CLI versions from NPM for @storybook/addon-docs...
[13:47:24.112] [DEBUG] Getting CLI versions from NPM for @storybook/addon-links...
[13:47:25.313] [DEBUG] Getting CLI versions from NPM for @storybook/addon-onboarding...
[13:47:26.325] [DEBUG] Getting CLI versions from NPM for @storybook/react...
[13:47:27.470] [DEBUG] Getting CLI versions from NPM for @storybook/react-webpack5...
[13:47:28.838] [DEBUG] Using cached version for storybook...
[13:47:28.839] [DEBUG] Using cached version for @storybook/addon-webpack5-compiler-swc...
[13:47:28.841] [INFO] upgrade-dependencies-task-success: Updated package versions in package.json files
[13:47:28.842] [INFO] detect-automigrations-task-start: Detecting automigrations...
[13:47:28.842] [DEBUG] Starting automigration collection across 1 projects and 15 fixes...
[13:47:28.885] [INFO] detect-automigrations-task: Checking automigrations for
C:/Users/laure/OneDrive/Documents/GitHub/Accessible_Components/.storybook...
[13:47:28.885] [DEBUG] Processing project: C:/Users/laure/OneDrive/Documents/GitHub/Accessible_Components/.storybook
[13:47:28.885] [DEBUG] Checking fix eslintPlugin for project C:/Users/laure/OneDrive/Documents/GitHub/Accessible_Components/.storybook...
[13:47:28.890] [DEBUG] Checking fix addon-mdx-gfm-remove for project C:/Users/laure/OneDrive/Documents/GitHub/Accessible_Components/.storybook...
[13:47:28.890] [DEBUG] Checking fix addon-storysource-code-panel for project C:/Users/laure/OneDrive/Documents/GitHub/Accessible_Components/.storybook...
[13:47:28.891] [DEBUG] Checking fix upgrade-storybook-related-dependencies for project C:/Users/laure/OneDrive/Documents/GitHub/Accessible_Components/.storybook...
[13:47:28.891] [DEBUG] Checking for incompatible storybook packages...
[13:47:28.894] [DEBUG] Getting installed version for @storybook/addon-controls...
[13:47:28.897] [DEBUG] Getting installed version for @storybook/addon-essentials...
[13:47:28.900] [DEBUG] Getting installed version for @storybook/addon-interactions...
[13:47:28.904] [DEBUG] Getting installed version for @storybook/addon-mdx-gfm...
[13:47:28.907] [DEBUG] Getting installed version for @storybook/addon-viewport...
[13:47:28.911] [DEBUG] Getting installed version for @storybook/blocks...
[13:47:28.916] [DEBUG] Getting installed version for @storybook/test...
[13:47:28.920] [DEBUG] Getting installed version for storybook-addon-react-docgen...
[13:47:33.595] [DEBUG] An issue occurred while trying to find dependencies metadata using npm.
[13:47:33.595] [DEBUG] Getting CLI versions from NPM for @storybook/addon-essentials...
[13:47:33.650] [DEBUG] An issue occurred while trying to find dependencies metadata using npm.
[13:47:33.650] [DEBUG] Getting CLI versions from NPM for @storybook/addon-viewport...
[13:47:33.676] [DEBUG] An issue occurred while trying to find dependencies metadata using npm.
[13:47:33.676] [DEBUG] Getting CLI versions from NPM for @storybook/addon-mdx-gfm...
[13:47:33.688] [DEBUG] An issue occurred while trying to find dependencies metadata using npm.
[13:47:33.688] [DEBUG] Getting CLI versions from NPM for @storybook/blocks...
[13:47:33.701] [DEBUG] An issue occurred while trying to find dependencies metadata using npm.
[13:47:33.701] [DEBUG] Getting CLI versions from NPM for storybook-addon-react-docgen...
[13:47:33.715] [DEBUG] An issue occurred while trying to find dependencies metadata using npm.
[13:47:33.715] [DEBUG] Getting CLI versions from NPM for @storybook/addon-interactions...
[13:47:33.727] [DEBUG] An issue occurred while trying to find dependencies metadata using npm.
[13:47:33.727] [DEBUG] Getting CLI versions from NPM for @storybook/test...
[13:47:33.743] [DEBUG] An issue occurred while trying to find dependencies metadata using npm.
[13:47:33.743] [DEBUG] Getting CLI versions from NPM for @storybook/addon-controls...
[13:47:36.153] [DEBUG] Checking fix initial-globals for project C:/Users/laure/OneDrive/Documents/GitHub/Accessible_Components/.storybook...
[13:47:36.169] [DEBUG] Checking fix addon-a11y-addon-test for project C:/Users/laure/OneDrive/Documents/GitHub/Accessible_Components/.storybook...
[13:47:36.169] [DEBUG] Checking fix consolidated-imports for project C:/Users/laure/OneDrive/Documents/GitHub/Accessible_Components/.storybook...
[13:47:36.170] [DEBUG] Checking fix addon-experimental-test for project C:/Users/laure/OneDrive/Documents/GitHub/Accessible_Components/.storybook...
[13:47:36.170] [DEBUG] Using cached installed version for @storybook/experimental-addon-test...
[13:47:36.170] [DEBUG] Checking fix rnstorybook-config for project C:/Users/laure/OneDrive/Documents/GitHub/Accessible_Components/.storybook...
[13:47:36.170] [DEBUG] Checking fix remove-addon-interactions for project C:/Users/laure/OneDrive/Documents/GitHub/Accessible_Components/.storybook...
[13:47:36.170] [DEBUG] Checking fix renderer-to-framework for project C:/Users/laure/OneDrive/Documents/GitHub/Accessible_Components/.storybook...
[13:47:36.171] [DEBUG] Checking fix remove-essential-addons for project C:/Users/laure/OneDrive/Documents/GitHub/Accessible_Components/.storybook...
[13:47:36.171] [DEBUG] Checking fix addon-a11y-parameters for project C:/Users/laure/OneDrive/Documents/GitHub/Accessible_Components/.storybook...
[13:47:36.174] [DEBUG] Checking fix remove-docs-autodocs for project C:/Users/laure/OneDrive/Documents/GitHub/Accessible_Components/.storybook...
[13:47:36.183] [DEBUG] Checking fix wrap-require for project C:/Users/laure/OneDrive/Documents/GitHub/Accessible_Components/.storybook...
[13:47:36.223] [INFO] detect-automigrations-task: 
Automigrations detected:
[13:47:36.266] [INFO] detect-automigrations-task: ✔ addon-mdx-gfm-remove
[13:47:36.308] [INFO] detect-automigrations-task: ✔ consolidated-imports
[13:47:36.350] [INFO] detect-automigrations-task: ✔ remove-addon-interactions
[13:47:36.390] [INFO] detect-automigrations-task: ✔ renderer-to-framework
[13:47:36.431] [INFO] detect-automigrations-task: ✔ remove-essential-addons
[13:47:36.473] [INFO] detect-automigrations-task: ✔ remove-docs-autodocs
[13:47:36.473] [INFO] detect-automigrations-task-success: 6 automigration(s) detected
[13:52:18.523] [PROMPT] Select automigrations to run {"choice":["addon-mdx-gfm-remove"]}
[13:52:18.524] [INFO] automigrate-C:/Users/laure/OneDrive/Documents/GitHub/Accessible_Components/.storybook-task-start: Running automigrations for C:/Users/laure/OneDrive/Documents/GitHub/Accessible_Components/.storybook
[13:52:18.528] [DEBUG] Uninstalling @storybook/addon-mdx-gfm
[13:52:18.568] [INFO] automigrate-C:/Users/laure/OneDrive/Documents/GitHub/Accessible_Components/.storybook-task: ✔ addon-mdx-gfm-remove
[13:52:18.569] [INFO] automigrate-C:/Users/laure/OneDrive/Documents/GitHub/Accessible_Components/.storybook-task-success: Completed automigrations for C:/Users/laure/OneDrive/Documents/GitHub/Accessible_Components/.storybook
[13:52:18.571] [INFO] Installing dependencies...
[13:52:18.571] [INFO] install-dependencies-task-start: Installing dependencies...
[13:52:40.373] [INFO] added 34 packages, removed 59 packages, changed 30 packages, and audited 1022 packages in 22s
[13:52:40.418] [INFO] install-dependencies-task: added 34 packages, removed 59 packages, changed 30 packages, and audited 1022
packages in 22s
[13:52:40.419] [INFO] 273 packages are looking for funding
  run `npm fund` for details

10 vulnerabilities (1 low, 4 moderate, 5 high)

To address issues that do not require attention, run:
  npm audit fix

To address all issues (including breaking changes), run:
  npm audit fix --force

Run `npm audit` for details.
[13:52:40.465] [INFO] install-dependencies-task: 273 packages are looking for funding
run `npm fund` for details

10 vulnerabilities (1 low, 4 moderate, 5 high)

To address issues that do not require attention, run:
npm audit fix

To address all issues (including breaking changes), run:
npm audit fix --force

Run `npm audit` for details.
[13:52:40.466] [INFO] Dependencies installed
[13:52:40.466] [INFO] install-dependencies-task-success: Dependencies installed
[13:52:40.466] [INFO] Checking the health of your project(s)..
[13:52:42.078] [WARN] C:/Users/laure/OneDrive/Documents/GitHub/Accessible_Components/.storybook: 1 issue found
[13:52:42.114] [INFO] You are currently using Storybook 9.0.12 but you have packages which are incompatible with it:

- @storybook/addon-controls@8.6.14 which depends on ^8.6.14
 Repo: https://github.com/storybookjs/storybook/tree/next/code/addons/controls
- @storybook/addon-essentials@8.6.11 which depends on 8.6.11
 Repo: https://github.com/storybookjs/storybook/tree/next/code/addons/essentials
- @storybook/addon-interactions@8.6.11 which depends on 8.6.11
 Repo: https://github.com/storybookjs/storybook/tree/next/code/addons/interactions
- @storybook/addon-viewport@8.6.12 which depends on ^8.6.12
 Repo: https://github.com/storybookjs/storybook/tree/next/code/addons/viewport
- @storybook/blocks@8.6.12 which depends on ^8.6.12
 Repo: https://github.com/storybookjs/storybook/tree/next/code/lib/blocks
- @storybook/test@8.6.14 which depends on 8.6.14
 Repo: https://github.com/storybookjs/storybook/tree/next/code/lib/test

Please consider updating your packages or contacting the maintainers for compatibility details.

For more on Storybook 9 compatibility, see the linked GitHub issue:
https://github.com/storybookjs/storybook/issues/30944
[13:52:42.114] [INFO] Incompatible Packages
[13:52:42.157] [INFO] You are currently using Storybook 9.0.12 but you have packages which are incompatible with it:

- @storybook/addon-controls@8.6.14 which depends on ^8.6.14
 Repo: https://github.com/storybookjs/storybook/tree/next/code/addons/controls
- @storybook/addon-essentials@8.6.11 which depends on 8.6.11
 Repo: https://github.com/storybookjs/storybook/tree/next/code/addons/essentials
- @storybook/addon-interactions@8.6.11 which depends on 8.6.11
 Repo: https://github.com/storybookjs/storybook/tree/next/code/addons/interactions
- @storybook/addon-viewport@8.6.12 which depends on ^8.6.12
 Repo: https://github.com/storybookjs/storybook/tree/next/code/addons/viewport
- @storybook/blocks@8.6.12 which depends on ^8.6.12
 Repo: https://github.com/storybookjs/storybook/tree/next/code/lib/blocks
- @storybook/test@8.6.14 which depends on 8.6.14
 Repo: https://github.com/storybookjs/storybook/tree/next/code/lib/test

Please consider updating your packages or contacting the maintainers for compatibility details.

For more on Storybook 9 compatibility, see the linked GitHub issue:
https://github.com/storybookjs/storybook/issues/30944
[13:52:42.196] [INFO] Storybook doctor is complete!
[13:52:42.235] [INFO] You can always recheck the health of your project(s) by running:
npx storybook doctor
[13:52:42.273] [INFO] The upgrade is complete!
[13:52:42.311] [INFO] Your project(s) have been upgraded successfully, but some issues were found which need your attention, please check Storybook doctor logs above.
[13:52:42.390] [INFO] If you want to learn more about the automigrations that executed in your project(s), please check the following links:

• addon-mdx-gfm-remove
[13:52:42.426] [INFO] For a full list of changes, please check our migration guide: https://storybook.js.org/docs/migration-guide