npm error code ERESOLVE
npm error ERESOLVE could not resolve
npm error
npm error While resolving: table---header-with-sub-header@1.0.0
npm error Found: @storybook/addon-knobs@7.0.2
npm error node_modules/@storybook/addon-knobs
npm error   dev @storybook/addon-knobs@"^8.0.1" from the root project
npm error
npm error Could not resolve dependency:
npm error dev @storybook/addon-knobs@"^8.0.1" from the root project
npm error
npm error Conflicting peer dependency: @storybook/theming@8.6.11
npm error node_modules/@storybook/theming
npm error   peer @storybook/theming@"^8.0.0" from @storybook/addon-knobs@8.0.1
npm error   node_modules/@storybook/addon-knobs
npm error     dev @storybook/addon-knobs@"^8.0.1" from the root project
npm error
npm error Fix the upstream dependency conflict, or retry
npm error this command with --force or --legacy-peer-deps
npm error to accept an incorrect (and potentially broken) dependency resolution.
npm error
npm error
npm error For a full report see:
npm error C:\Users\laure\AppData\Local\npm-cache\_logs\2025-04-02T16_42_10_346Z-eresolve-report.txt
npm error A complete log of this run can be found in: C:\Users\laure\AppData\Local\npm-cache\_logs\2025-04-02T16_42_10_346Z-debug-0.log
